<?xml version="1.0" encoding="UTF-8"?>
<!-- Generated by org.testng.reporters.JUnitReportReporter -->
<testsuite skipped="0" hostname="Mobicoms-Mac-mini-2.local" name="com.mobicom.tests.LoginTest" tests="4" failures="0" timestamp="02 May 2018 12:22:52 GMT" time="2.223" errors="0">
  <testcase name="testLoginPageElements" time="0.143" classname="com.mobicom.tests.LoginTest"/>
  <testcase name="testLoginPageElements" time="0.080" classname="com.mobicom.tests.LoginTest"/>
  <testcase name="testLoginPageElements" time="0.074" classname="com.mobicom.tests.LoginTest"/>
  <testcase name="loginToClub" time="1.926" classname="com.mobicom.tests.LoginTest"/>
</testsuite> <!-- com.mobicom.tests.LoginTest -->
