<?xml version="1.0" encoding="UTF-8"?>
<!-- Generated by org.testng.reporters.JUnitReportReporter -->
<testsuite skipped="1" hostname="Mobicoms-Mac-mini-2.local" name="com.mobicom.tests.HomePageTest" tests="7" failures="0" timestamp="22 Jun 2018 11:44:08 GMT" time="2.679" errors="0">
  <testcase name="clickDashboardInMenu" time="0.127" classname="com.mobicom.tests.HomePageTest"/>
  <testcase name="clickClubProfileInMenu" time="0.774" classname="com.mobicom.tests.HomePageTest"/>
  <testcase name="clickBasicInfoInMenu" time="1.612" classname="com.mobicom.tests.HomePageTest"/>
  <testcase name="testProfilePageElements" time="0.048" classname="com.mobicom.tests.HomePageTest"/>
  <testcase name="testProfilePageElements" time="0.060" classname="com.mobicom.tests.HomePageTest"/>
  <testcase name="testProfilePageElements" time="0.058" classname="com.mobicom.tests.HomePageTest"/>
  <testcase name="clickClubFacilitiesInMenu" classname="com.mobicom.tests.HomePageTest">
    <skipped/>
  </testcase> <!-- clickClubFacilitiesInMenu -->
</testsuite> <!-- com.mobicom.tests.HomePageTest -->
