<?xml version="1.0" encoding="UTF-8"?>
<!-- Generated by org.testng.reporters.JUnitReportReporter -->
<testsuite skipped="6" hostname="Mobicoms-Mini-2" name="com.mobicom.tests.ManageMembersTest" tests="17" failures="0" timestamp="19 Jul 2018 05:22:49 GMT" time="1.158" errors="0">
  <testcase name="clickManageMembersInMenu" time="0.533" classname="com.mobicom.tests.ManageMembersTest"/>
  <testcase name="checkmanageMembersPageElements" time="0.067" classname="com.mobicom.tests.ManageMembersTest"/>
  <testcase name="checkmanageMembersPageElements" time="0.062" classname="com.mobicom.tests.ManageMembersTest"/>
  <testcase name="checkmanageMembersPageElements" time="0.043" classname="com.mobicom.tests.ManageMembersTest"/>
  <testcase name="checkmanageMembersPageElements" time="0.074" classname="com.mobicom.tests.ManageMembersTest"/>
  <testcase name="checkmanageMembersPageElements" time="0.056" classname="com.mobicom.tests.ManageMembersTest"/>
  <testcase name="checkmanageMembersPageElements" time="0.063" classname="com.mobicom.tests.ManageMembersTest"/>
  <testcase name="checkmanageMembersPageElements" time="0.062" classname="com.mobicom.tests.ManageMembersTest"/>
  <testcase name="checkmanageMembersPageElements" time="0.056" classname="com.mobicom.tests.ManageMembersTest"/>
  <testcase name="checkmanageMembersPageElements" time="0.071" classname="com.mobicom.tests.ManageMembersTest"/>
  <testcase name="checkmanageMembersPageElements" time="0.071" classname="com.mobicom.tests.ManageMembersTest"/>
  <testcase name="clickOkButtonInMessageConfirmation" classname="com.mobicom.tests.ManageMembersTest">
    <skipped/>
  </testcase> <!-- clickOkButtonInMessageConfirmation -->
  <testcase name="clickSendInvitatinButton" classname="com.mobicom.tests.ManageMembersTest">
    <skipped/>
  </testcase> <!-- clickSendInvitatinButton -->
  <testcase name="clickBulkUploadButton" classname="com.mobicom.tests.ManageMembersTest">
    <skipped/>
  </testcase> <!-- clickBulkUploadButton -->
  <testcase name="checkEmailConfirmationPopupElements" classname="com.mobicom.tests.ManageMembersTest">
    <skipped/>
  </testcase> <!-- checkEmailConfirmationPopupElements -->
  <testcase name="chooseAnExcelFile" classname="com.mobicom.tests.ManageMembersTest">
    <skipped/>
  </testcase> <!-- chooseAnExcelFile -->
  <testcase name="clickCloseButtonInMessageConfirmation" classname="com.mobicom.tests.ManageMembersTest">
    <skipped/>
  </testcase> <!-- clickCloseButtonInMessageConfirmation -->
</testsuite> <!-- com.mobicom.tests.ManageMembersTest -->
