<?xml version="1.0" encoding="UTF-8"?>
<!-- Generated by org.testng.reporters.JUnitReportReporter -->
<testsuite skipped="0" hostname="Mobicoms-Mac-mini-2.local" name="com.mobicom.tests.MerchantLoginTest" tests="1" failures="0" timestamp="22 Nov 2017 10:08:04 GMT" time="0.451" errors="0">
  <testcase name="testUserName" time="0.451" classname="com.mobicom.tests.MerchantLoginTest"/>
</testsuite> <!-- com.mobicom.tests.MerchantLoginTest -->
