<?xml version="1.0" encoding="UTF-8"?>
<!-- Generated by org.testng.reporters.JUnitReportReporter -->
<testsuite skipped="1" hostname="Mobicoms-Mac-mini-2.local" name="com.mobicom.tests.HomePageTest" tests="7" failures="0" timestamp="25 May 2018 10:38:27 GMT" time="4.536" errors="0">
  <testcase name="testHomePageElements" time="0.085" classname="com.mobicom.tests.HomePageTest"/>
  <testcase name="testHomePageElements" time="0.066" classname="com.mobicom.tests.HomePageTest"/>
  <testcase name="testHomePageElements" time="0.054" classname="com.mobicom.tests.HomePageTest"/>
  <testcase name="clickDashboardInMenu" time="0.888" classname="com.mobicom.tests.HomePageTest"/>
  <testcase name="clickClubProfileInMenu" time="2.782" classname="com.mobicom.tests.HomePageTest"/>
  <testcase name="clickBasicInfoInMenu" time="0.661" classname="com.mobicom.tests.HomePageTest"/>
  <testcase name="clickClubFacilitiesInMenu" classname="com.mobicom.tests.HomePageTest">
    <skipped/>
  </testcase> <!-- clickClubFacilitiesInMenu -->
</testsuite> <!-- com.mobicom.tests.HomePageTest -->
