<?xml version="1.0" encoding="UTF-8"?>
<!-- Generated by org.testng.reporters.JUnitReportReporter -->
<testsuite skipped="0" hostname="Mobicoms-Mac-mini-2.local" name="com.mobicom.tests.MemberAccessTest" tests="28" failures="0" timestamp="18 Jul 2018 05:48:13 GMT" time="7.296" errors="0">
  <testcase name="clickMemberAccessInMenu" time="1.770" classname="com.mobicom.tests.MemberAccessTest"/>
  <testcase name="verifyMemberAccessPageElements" time="0.066" classname="com.mobicom.tests.MemberAccessTest"/>
  <testcase name="verifyMemberAccessPageElements" time="0.040" classname="com.mobicom.tests.MemberAccessTest"/>
  <testcase name="verifyMemberAccessPageElements" time="0.069" classname="com.mobicom.tests.MemberAccessTest"/>
  <testcase name="verifyMemberAccessPageElements" time="0.057" classname="com.mobicom.tests.MemberAccessTest"/>
  <testcase name="verifyMemberAccessPageElements" time="0.061" classname="com.mobicom.tests.MemberAccessTest"/>
  <testcase name="verifyMemberAccessPageElements" time="0.061" classname="com.mobicom.tests.MemberAccessTest"/>
  <testcase name="clickGreenToggle" time="0.764" classname="com.mobicom.tests.MemberAccessTest"/>
  <testcase name="verifyBlockMemberAccessPageElements" time="0.099" classname="com.mobicom.tests.MemberAccessTest"/>
  <testcase name="verifyBlockMemberAccessPageElements" time="0.087" classname="com.mobicom.tests.MemberAccessTest"/>
  <testcase name="verifyBlockMemberAccessPageElements" time="0.076" classname="com.mobicom.tests.MemberAccessTest"/>
  <testcase name="verifyBlockMemberAccessPageElements" time="0.110" classname="com.mobicom.tests.MemberAccessTest"/>
  <testcase name="verifyBlockMemberAccessPageElements" time="0.072" classname="com.mobicom.tests.MemberAccessTest"/>
  <testcase name="verifyBlockMemberAccessPageElements" time="0.067" classname="com.mobicom.tests.MemberAccessTest"/>
  <testcase name="verifyBlockMemberAccessPageElements" time="0.069" classname="com.mobicom.tests.MemberAccessTest"/>
  <testcase name="clickNextButton" time="0.302" classname="com.mobicom.tests.MemberAccessTest"/>
  <testcase name="clickBlockingRequestsButton" time="0.729" classname="com.mobicom.tests.MemberAccessTest"/>
  <testcase name="clickOkButton" time="0.662" classname="com.mobicom.tests.MemberAccessTest"/>
  <testcase name="clickRedToggle" time="0.916" classname="com.mobicom.tests.MemberAccessTest"/>
  <testcase name="verifyAllowMemberAccessPageElements" time="0.055" classname="com.mobicom.tests.MemberAccessTest"/>
  <testcase name="verifyAllowMemberAccessPageElements" time="0.048" classname="com.mobicom.tests.MemberAccessTest"/>
  <testcase name="verifyAllowMemberAccessPageElements" time="0.049" classname="com.mobicom.tests.MemberAccessTest"/>
  <testcase name="verifyAllowMemberAccessPageElements" time="0.085" classname="com.mobicom.tests.MemberAccessTest"/>
  <testcase name="verifyAllowMemberAccessPageElements" time="0.051" classname="com.mobicom.tests.MemberAccessTest"/>
  <testcase name="verifyAllowMemberAccessPageElements" time="0.072" classname="com.mobicom.tests.MemberAccessTest"/>
  <testcase name="verifyAllowMemberAccessPageElements" time="0.047" classname="com.mobicom.tests.MemberAccessTest"/>
  <testcase name="clickNextButtonInRemoveAccess" time="0.154" classname="com.mobicom.tests.MemberAccessTest"/>
  <testcase name="clickAcceptingRequestsButton" time="0.658" classname="com.mobicom.tests.MemberAccessTest"/>
</testsuite> <!-- com.mobicom.tests.MemberAccessTest -->
