<?xml version="1.0" encoding="UTF-8"?>
<!-- Generated by org.testng.reporters.JUnitReportReporter -->
<testsuite skipped="0" hostname="Mobicoms-Mac-mini-2.local" name="com.mobicom.tests.ManageAdminsTest" tests="21" failures="0" timestamp="18 Jul 2018 05:48:13 GMT" time="15.787" errors="0">
  <testcase name="clickManageAdminsInMenu" time="0.507" classname="com.mobicom.tests.ManageAdminsTest"/>
  <testcase name="checkManageAdminPageElements" time="0.059" classname="com.mobicom.tests.ManageAdminsTest"/>
  <testcase name="checkManageAdminPageElements" time="0.049" classname="com.mobicom.tests.ManageAdminsTest"/>
  <testcase name="checkManageAdminPageElements" time="0.047" classname="com.mobicom.tests.ManageAdminsTest"/>
  <testcase name="checkManageAdminPageElements" time="0.049" classname="com.mobicom.tests.ManageAdminsTest"/>
  <testcase name="checkManageAdminPageElements" time="0.055" classname="com.mobicom.tests.ManageAdminsTest"/>
  <testcase name="checkManageAdminPageElements" time="0.048" classname="com.mobicom.tests.ManageAdminsTest"/>
  <testcase name="checkManageAdminPageElements" time="0.060" classname="com.mobicom.tests.ManageAdminsTest"/>
  <testcase name="clickAddAdminButton" time="0.428" classname="com.mobicom.tests.ManageAdminsTest"/>
  <testcase name="checkAddAdminPageElements" time="0.059" classname="com.mobicom.tests.ManageAdminsTest"/>
  <testcase name="checkAddAdminPageElements" time="0.059" classname="com.mobicom.tests.ManageAdminsTest"/>
  <testcase name="checkAddAdminPageElements" time="0.057" classname="com.mobicom.tests.ManageAdminsTest"/>
  <testcase name="checkAddAdminPageElements" time="0.060" classname="com.mobicom.tests.ManageAdminsTest"/>
  <testcase name="checkAddAdminPageElements" time="0.061" classname="com.mobicom.tests.ManageAdminsTest"/>
  <testcase name="fillFirstName" time="0.317" classname="com.mobicom.tests.ManageAdminsTest"/>
  <testcase name="fillLastName" time="0.133" classname="com.mobicom.tests.ManageAdminsTest"/>
  <testcase name="fillEmail" time="0.431" classname="com.mobicom.tests.ManageAdminsTest"/>
  <testcase name="clickAddAdmin" time="0.638" classname="com.mobicom.tests.ManageAdminsTest"/>
  <testcase name="clickSettingsButton" time="0.255" classname="com.mobicom.tests.ManageAdminsTest"/>
  <testcase name="clickDeleteButton" time="0.708" classname="com.mobicom.tests.ManageAdminsTest"/>
  <testcase name="clickContinueButton" time="11.707" classname="com.mobicom.tests.ManageAdminsTest"/>
</testsuite> <!-- com.mobicom.tests.ManageAdminsTest -->
