<?xml version="1.0" encoding="UTF-8"?>
<!-- Generated by org.testng.reporters.JUnitReportReporter -->
<testsuite skipped="0" hostname="Mobicoms-Mac-mini-2.local" name="com.mobicom.tests.LoginTest" tests="4" failures="0" timestamp="18 Jul 2018 05:48:13 GMT" time="2.530" errors="0">
  <testcase name="testLoginPageElements" time="0.071" classname="com.mobicom.tests.LoginTest"/>
  <testcase name="testLoginPageElements" time="0.192" classname="com.mobicom.tests.LoginTest"/>
  <testcase name="testLoginPageElements" time="0.090" classname="com.mobicom.tests.LoginTest"/>
  <testcase name="loginToClub" time="2.177" classname="com.mobicom.tests.LoginTest"/>
</testsuite> <!-- com.mobicom.tests.LoginTest -->
