<?xml version="1.0" encoding="UTF-8"?>
<!-- Generated by org.testng.reporters.JUnitReportReporter -->
<testsuite skipped="6" hostname="Mobicoms-Mac-mini-2.local" name="com.mobicom.tests.ManageMembersTest" tests="17" failures="0" timestamp="18 Jul 2018 05:48:13 GMT" time="1.212" errors="0">
  <testcase name="clickManageMembersInMenu" time="0.565" classname="com.mobicom.tests.ManageMembersTest"/>
  <testcase name="checkmanageMembersPageElements" time="0.070" classname="com.mobicom.tests.ManageMembersTest"/>
  <testcase name="checkmanageMembersPageElements" time="0.080" classname="com.mobicom.tests.ManageMembersTest"/>
  <testcase name="checkmanageMembersPageElements" time="0.061" classname="com.mobicom.tests.ManageMembersTest"/>
  <testcase name="checkmanageMembersPageElements" time="0.097" classname="com.mobicom.tests.ManageMembersTest"/>
  <testcase name="checkmanageMembersPageElements" time="0.039" classname="com.mobicom.tests.ManageMembersTest"/>
  <testcase name="checkmanageMembersPageElements" time="0.058" classname="com.mobicom.tests.ManageMembersTest"/>
  <testcase name="checkmanageMembersPageElements" time="0.062" classname="com.mobicom.tests.ManageMembersTest"/>
  <testcase name="checkmanageMembersPageElements" time="0.058" classname="com.mobicom.tests.ManageMembersTest"/>
  <testcase name="checkmanageMembersPageElements" time="0.063" classname="com.mobicom.tests.ManageMembersTest"/>
  <testcase name="checkmanageMembersPageElements" time="0.059" classname="com.mobicom.tests.ManageMembersTest"/>
  <testcase name="clickOkButtonInMessageConfirmation" classname="com.mobicom.tests.ManageMembersTest">
    <skipped/>
  </testcase> <!-- clickOkButtonInMessageConfirmation -->
  <testcase name="clickSendInvitatinButton" classname="com.mobicom.tests.ManageMembersTest">
    <skipped/>
  </testcase> <!-- clickSendInvitatinButton -->
  <testcase name="clickBulkUploadButton" classname="com.mobicom.tests.ManageMembersTest">
    <skipped/>
  </testcase> <!-- clickBulkUploadButton -->
  <testcase name="checkEmailConfirmationPopupElements" classname="com.mobicom.tests.ManageMembersTest">
    <skipped/>
  </testcase> <!-- checkEmailConfirmationPopupElements -->
  <testcase name="chooseAnExcelFile" classname="com.mobicom.tests.ManageMembersTest">
    <skipped/>
  </testcase> <!-- chooseAnExcelFile -->
  <testcase name="clickCloseButtonInMessageConfirmation" classname="com.mobicom.tests.ManageMembersTest">
    <skipped/>
  </testcase> <!-- clickCloseButtonInMessageConfirmation -->
</testsuite> <!-- com.mobicom.tests.ManageMembersTest -->
