<?xml version="1.0" encoding="UTF-8"?>
<!-- Generated by org.testng.reporters.JUnitReportReporter -->
<testsuite skipped="1" hostname="Mobicoms-Mac-mini-2.local" name="com.mobicom.tests.ClubProfileTest" tests="22" failures="0" timestamp="18 Jul 2018 05:48:13 GMT" time="5.567" errors="0">
  <testcase name="clickDashboardInMenu" time="0.147" classname="com.mobicom.tests.ClubProfileTest"/>
  <testcase name="clickClubProfileInMenu" time="0.827" classname="com.mobicom.tests.ClubProfileTest"/>
  <testcase name="clickBasicInfoInMenu" time="3.351" classname="com.mobicom.tests.ClubProfileTest"/>
  <testcase name="testProfilePageElements" time="0.055" classname="com.mobicom.tests.ClubProfileTest"/>
  <testcase name="testProfilePageElements" time="0.075" classname="com.mobicom.tests.ClubProfileTest"/>
  <testcase name="testProfilePageElements" time="0.063" classname="com.mobicom.tests.ClubProfileTest"/>
  <testcase name="testProfilePageElements" time="0.073" classname="com.mobicom.tests.ClubProfileTest"/>
  <testcase name="testProfilePageElements" time="0.066" classname="com.mobicom.tests.ClubProfileTest"/>
  <testcase name="testProfilePageElements" time="0.065" classname="com.mobicom.tests.ClubProfileTest"/>
  <testcase name="testProfilePageElements" time="0.073" classname="com.mobicom.tests.ClubProfileTest"/>
  <testcase name="testProfilePageElements" time="0.073" classname="com.mobicom.tests.ClubProfileTest"/>
  <testcase name="testProfilePageElements" time="0.071" classname="com.mobicom.tests.ClubProfileTest"/>
  <testcase name="testProfilePageElements" time="0.095" classname="com.mobicom.tests.ClubProfileTest"/>
  <testcase name="testProfilePageElements" time="0.070" classname="com.mobicom.tests.ClubProfileTest"/>
  <testcase name="testProfilePageElements" time="0.060" classname="com.mobicom.tests.ClubProfileTest"/>
  <testcase name="testProfilePageElements" time="0.063" classname="com.mobicom.tests.ClubProfileTest"/>
  <testcase name="testProfilePageElements" time="0.071" classname="com.mobicom.tests.ClubProfileTest"/>
  <testcase name="testProfilePageElements" time="0.069" classname="com.mobicom.tests.ClubProfileTest"/>
  <testcase name="testProfilePageElements" time="0.085" classname="com.mobicom.tests.ClubProfileTest"/>
  <testcase name="testProfilePageElements" time="0.047" classname="com.mobicom.tests.ClubProfileTest"/>
  <testcase name="testProfilePageElements" time="0.068" classname="com.mobicom.tests.ClubProfileTest"/>
  <testcase name="clickClubFacilitiesInMenu" classname="com.mobicom.tests.ClubProfileTest">
    <skipped/>
  </testcase> <!-- clickClubFacilitiesInMenu -->
</testsuite> <!-- com.mobicom.tests.ClubProfileTest -->
