<?xml version="1.0" encoding="UTF-8"?>
<!-- Generated by org.testng.reporters.JUnitReportReporter -->
<testsuite skipped="0" hostname="Mobicoms-Mini-2" name="com.mobicom.tests.ManageAdminsTest" tests="21" failures="0" timestamp="19 Jul 2018 05:22:49 GMT" time="15.608" errors="0">
  <testcase name="clickManageAdminsInMenu" time="0.485" classname="com.mobicom.tests.ManageAdminsTest"/>
  <testcase name="checkManageAdminPageElements" time="0.056" classname="com.mobicom.tests.ManageAdminsTest"/>
  <testcase name="checkManageAdminPageElements" time="0.046" classname="com.mobicom.tests.ManageAdminsTest"/>
  <testcase name="checkManageAdminPageElements" time="0.055" classname="com.mobicom.tests.ManageAdminsTest"/>
  <testcase name="checkManageAdminPageElements" time="0.040" classname="com.mobicom.tests.ManageAdminsTest"/>
  <testcase name="checkManageAdminPageElements" time="0.050" classname="com.mobicom.tests.ManageAdminsTest"/>
  <testcase name="checkManageAdminPageElements" time="0.062" classname="com.mobicom.tests.ManageAdminsTest"/>
  <testcase name="checkManageAdminPageElements" time="0.052" classname="com.mobicom.tests.ManageAdminsTest"/>
  <testcase name="clickAddAdminButton" time="0.460" classname="com.mobicom.tests.ManageAdminsTest"/>
  <testcase name="checkAddAdminPageElements" time="0.055" classname="com.mobicom.tests.ManageAdminsTest"/>
  <testcase name="checkAddAdminPageElements" time="0.060" classname="com.mobicom.tests.ManageAdminsTest"/>
  <testcase name="checkAddAdminPageElements" time="0.054" classname="com.mobicom.tests.ManageAdminsTest"/>
  <testcase name="checkAddAdminPageElements" time="0.058" classname="com.mobicom.tests.ManageAdminsTest"/>
  <testcase name="checkAddAdminPageElements" time="0.056" classname="com.mobicom.tests.ManageAdminsTest"/>
  <testcase name="fillFirstName" time="0.297" classname="com.mobicom.tests.ManageAdminsTest"/>
  <testcase name="fillLastName" time="0.129" classname="com.mobicom.tests.ManageAdminsTest"/>
  <testcase name="fillEmail" time="0.429" classname="com.mobicom.tests.ManageAdminsTest"/>
  <testcase name="clickAddAdmin" time="0.560" classname="com.mobicom.tests.ManageAdminsTest"/>
  <testcase name="clickSettingsButton" time="0.215" classname="com.mobicom.tests.ManageAdminsTest"/>
  <testcase name="clickDeleteButton" time="0.713" classname="com.mobicom.tests.ManageAdminsTest"/>
  <testcase name="clickContinueButton" time="11.676" classname="com.mobicom.tests.ManageAdminsTest"/>
</testsuite> <!-- com.mobicom.tests.ManageAdminsTest -->
