<?xml version="1.0" encoding="UTF-8"?>
<!-- Generated by org.testng.reporters.JUnitReportReporter -->
<testsuite skipped="0" hostname="Mobicoms-Mini-2" name="com.mobicom.tests.AddCurateEventTest" tests="26" failures="0" timestamp="19 Jul 2018 05:22:49 GMT" time="9.020" errors="0">
  <testcase name="clickCurateEventsInMenu" time="0.801" classname="com.mobicom.tests.AddCurateEventTest"/>
  <testcase name="clickListOfCurateEventsInMenu" time="0.660" classname="com.mobicom.tests.AddCurateEventTest"/>
  <testcase name="verifyCurateEventsPageElements" time="0.042" classname="com.mobicom.tests.AddCurateEventTest"/>
  <testcase name="verifyCurateEventsPageElements" time="0.058" classname="com.mobicom.tests.AddCurateEventTest"/>
  <testcase name="verifyCurateEventsPageElements" time="0.061" classname="com.mobicom.tests.AddCurateEventTest"/>
  <testcase name="clickAddCurateEvent" time="0.813" classname="com.mobicom.tests.AddCurateEventTest"/>
  <testcase name="verifyAddCurateEventsPageElements" time="0.077" classname="com.mobicom.tests.AddCurateEventTest"/>
  <testcase name="verifyAddCurateEventsPageElements" time="0.053" classname="com.mobicom.tests.AddCurateEventTest"/>
  <testcase name="verifyAddCurateEventsPageElements" time="0.062" classname="com.mobicom.tests.AddCurateEventTest"/>
  <testcase name="verifyAddCurateEventsPageElements" time="0.054" classname="com.mobicom.tests.AddCurateEventTest"/>
  <testcase name="verifyAddCurateEventsPageElements" time="0.051" classname="com.mobicom.tests.AddCurateEventTest"/>
  <testcase name="verifyAddCurateEventsPageElements" time="0.066" classname="com.mobicom.tests.AddCurateEventTest"/>
  <testcase name="verifyAddCurateEventsPageElements" time="0.053" classname="com.mobicom.tests.AddCurateEventTest"/>
  <testcase name="verifyAddCurateEventsPageElements" time="0.039" classname="com.mobicom.tests.AddCurateEventTest"/>
  <testcase name="verifyAddCurateEventsPageElements" time="0.051" classname="com.mobicom.tests.AddCurateEventTest"/>
  <testcase name="verifyAddCurateEventsPageElements" time="0.050" classname="com.mobicom.tests.AddCurateEventTest"/>
  <testcase name="selectFacility" time="0.369" classname="com.mobicom.tests.AddCurateEventTest"/>
  <testcase name="updateRemarks" time="0.309" classname="com.mobicom.tests.AddCurateEventTest"/>
  <testcase name="enterStartDate" time="0.062" classname="com.mobicom.tests.AddCurateEventTest"/>
  <testcase name="enterEndDate" time="0.065" classname="com.mobicom.tests.AddCurateEventTest"/>
  <testcase name="enterStartTime" time="0.258" classname="com.mobicom.tests.AddCurateEventTest"/>
  <testcase name="enterEndTime" time="0.212" classname="com.mobicom.tests.AddCurateEventTest"/>
  <testcase name="clickSaveButton" time="0.872" classname="com.mobicom.tests.AddCurateEventTest"/>
  <testcase name="modifyEvent" time="0.940" classname="com.mobicom.tests.AddCurateEventTest"/>
  <testcase name="clickPublishButton" time="0.672" classname="com.mobicom.tests.AddCurateEventTest"/>
  <testcase name="deleteCurateEvent" time="2.270" classname="com.mobicom.tests.AddCurateEventTest"/>
</testsuite> <!-- com.mobicom.tests.AddCurateEventTest -->
