<?xml version="1.0" encoding="UTF-8"?>
<!-- Generated by org.testng.reporters.JUnitReportReporter -->
<testsuite skipped="0" hostname="Mobicoms-Mini-2" name="com.mobicom.tests.LoginTest" tests="4" failures="0" timestamp="19 Jul 2018 05:22:49 GMT" time="2.587" errors="0">
  <testcase name="testLoginPageElements" time="0.157" classname="com.mobicom.tests.LoginTest"/>
  <testcase name="testLoginPageElements" time="0.103" classname="com.mobicom.tests.LoginTest"/>
  <testcase name="testLoginPageElements" time="0.086" classname="com.mobicom.tests.LoginTest"/>
  <testcase name="loginToClub" time="2.241" classname="com.mobicom.tests.LoginTest"/>
</testsuite> <!-- com.mobicom.tests.LoginTest -->
