<?xml version="1.0" encoding="UTF-8"?>
<!-- Generated by org.testng.reporters.JUnitReportReporter -->
<testsuite skipped="0" hostname="Mobicoms-Mini-2" name="com.mobicom.tests.FirstTestClass" tests="1" failures="0" timestamp="16 Nov 2017 06:50:28 GMT" time="0.316" errors="0">
  <testcase name="testUserName" time="0.316" classname="com.mobicom.tests.FirstTestClass"/>
</testsuite> <!-- com.mobicom.tests.FirstTestClass -->
