<?xml version="1.0" encoding="UTF-8"?>
<!-- Generated by org.testng.reporters.JUnitReportReporter -->
<testsuite skipped="0" hostname="Mobicoms-Mac-mini-2.local" name="com.mobicom.tests.AddFacilityTest" tests="16" failures="0" timestamp="18 Jul 2018 05:48:13 GMT" time="12.921" errors="0">
  <testcase name="clickClubFacilitiesInMenu" time="1.087" classname="com.mobicom.tests.AddFacilityTest"/>
  <testcase name="verifyClubFacilitiesElements" time="0.074" classname="com.mobicom.tests.AddFacilityTest"/>
  <testcase name="verifyClubFacilitiesElements" time="0.109" classname="com.mobicom.tests.AddFacilityTest"/>
  <testcase name="verifyClubFacilitiesElements" time="0.067" classname="com.mobicom.tests.AddFacilityTest"/>
  <testcase name="clickAddFacilitiesInMenu" time="1.581" classname="com.mobicom.tests.AddFacilityTest"/>
  <testcase name="clickSelectImage" time="1.107" classname="com.mobicom.tests.AddFacilityTest"/>
  <testcase name="selectAnImage" time="0.810" classname="com.mobicom.tests.AddFacilityTest"/>
  <testcase name="enterFacilityName" time="0.240" classname="com.mobicom.tests.AddFacilityTest"/>
  <testcase name="selectFacilityCategory" time="0.268" classname="com.mobicom.tests.AddFacilityTest"/>
  <testcase name="enterFacilityDescription" time="0.316" classname="com.mobicom.tests.AddFacilityTest"/>
  <testcase name="enterFacilityRules" time="0.260" classname="com.mobicom.tests.AddFacilityTest"/>
  <testcase name="enterFacilityCancellationPolicy" time="0.292" classname="com.mobicom.tests.AddFacilityTest"/>
  <testcase name="clickDaysOfWeekButton" time="0.223" classname="com.mobicom.tests.AddFacilityTest"/>
  <testcase name="clickSaveButton" time="1.962" classname="com.mobicom.tests.AddFacilityTest"/>
  <testcase name="publishNewfacility" time="1.775" classname="com.mobicom.tests.AddFacilityTest"/>
  <testcase name="deleteFacility" time="2.750" classname="com.mobicom.tests.AddFacilityTest"/>
</testsuite> <!-- com.mobicom.tests.AddFacilityTest -->
