<?xml version="1.0" encoding="UTF-8"?>
<!-- Generated by org.testng.reporters.JUnitReportReporter -->
<testsuite skipped="0" hostname="Mobicoms-Mac-mini-2.local" name="com.mobicom.tests.AddFacilityTest" tests="16" failures="0" timestamp="22 Jun 2018 11:44:08 GMT" time="12.850" errors="0">
  <testcase name="clickClubFacilitiesInMenu" time="1.672" classname="com.mobicom.tests.AddFacilityTest"/>
  <testcase name="verifyClubFacilitiesElements" time="0.070" classname="com.mobicom.tests.AddFacilityTest"/>
  <testcase name="verifyClubFacilitiesElements" time="0.060" classname="com.mobicom.tests.AddFacilityTest"/>
  <testcase name="verifyClubFacilitiesElements" time="0.058" classname="com.mobicom.tests.AddFacilityTest"/>
  <testcase name="clickAddFacilitiesInMenu" time="1.269" classname="com.mobicom.tests.AddFacilityTest"/>
  <testcase name="clickSelectImage" time="1.069" classname="com.mobicom.tests.AddFacilityTest"/>
  <testcase name="selectAnImage" time="0.770" classname="com.mobicom.tests.AddFacilityTest"/>
  <testcase name="enterFacilityName" time="0.238" classname="com.mobicom.tests.AddFacilityTest"/>
  <testcase name="selectFacilityCategory" time="0.211" classname="com.mobicom.tests.AddFacilityTest"/>
  <testcase name="enterFacilityDescription" time="0.290" classname="com.mobicom.tests.AddFacilityTest"/>
  <testcase name="enterFacilityRules" time="0.231" classname="com.mobicom.tests.AddFacilityTest"/>
  <testcase name="enterFacilityCancellationPolicy" time="0.285" classname="com.mobicom.tests.AddFacilityTest"/>
  <testcase name="clickDaysOfWeekButton" time="0.199" classname="com.mobicom.tests.AddFacilityTest"/>
  <testcase name="clickSaveButton" time="1.986" classname="com.mobicom.tests.AddFacilityTest"/>
  <testcase name="publishNewfacility" time="1.720" classname="com.mobicom.tests.AddFacilityTest"/>
  <testcase name="deleteFacility" time="2.722" classname="com.mobicom.tests.AddFacilityTest"/>
</testsuite> <!-- com.mobicom.tests.AddFacilityTest -->
