<?xml version="1.0" encoding="UTF-8"?>
<!-- Generated by org.testng.reporters.JUnitReportReporter -->
<testsuite skipped="1" hostname="Mobicoms-Mini-2" name="com.mobicom.tests.ClubProfileTest" tests="22" failures="0" timestamp="19 Jul 2018 05:22:49 GMT" time="3.171" errors="0">
  <testcase name="clickDashboardInMenu" time="0.131" classname="com.mobicom.tests.ClubProfileTest"/>
  <testcase name="clickClubProfileInMenu" time="1.047" classname="com.mobicom.tests.ClubProfileTest"/>
  <testcase name="clickBasicInfoInMenu" time="0.768" classname="com.mobicom.tests.ClubProfileTest"/>
  <testcase name="testProfilePageElements" time="0.068" classname="com.mobicom.tests.ClubProfileTest"/>
  <testcase name="testProfilePageElements" time="0.076" classname="com.mobicom.tests.ClubProfileTest"/>
  <testcase name="testProfilePageElements" time="0.072" classname="com.mobicom.tests.ClubProfileTest"/>
  <testcase name="testProfilePageElements" time="0.073" classname="com.mobicom.tests.ClubProfileTest"/>
  <testcase name="testProfilePageElements" time="0.068" classname="com.mobicom.tests.ClubProfileTest"/>
  <testcase name="testProfilePageElements" time="0.070" classname="com.mobicom.tests.ClubProfileTest"/>
  <testcase name="testProfilePageElements" time="0.055" classname="com.mobicom.tests.ClubProfileTest"/>
  <testcase name="testProfilePageElements" time="0.068" classname="com.mobicom.tests.ClubProfileTest"/>
  <testcase name="testProfilePageElements" time="0.063" classname="com.mobicom.tests.ClubProfileTest"/>
  <testcase name="testProfilePageElements" time="0.078" classname="com.mobicom.tests.ClubProfileTest"/>
  <testcase name="testProfilePageElements" time="0.061" classname="com.mobicom.tests.ClubProfileTest"/>
  <testcase name="testProfilePageElements" time="0.065" classname="com.mobicom.tests.ClubProfileTest"/>
  <testcase name="testProfilePageElements" time="0.051" classname="com.mobicom.tests.ClubProfileTest"/>
  <testcase name="testProfilePageElements" time="0.070" classname="com.mobicom.tests.ClubProfileTest"/>
  <testcase name="testProfilePageElements" time="0.086" classname="com.mobicom.tests.ClubProfileTest"/>
  <testcase name="testProfilePageElements" time="0.078" classname="com.mobicom.tests.ClubProfileTest"/>
  <testcase name="testProfilePageElements" time="0.059" classname="com.mobicom.tests.ClubProfileTest"/>
  <testcase name="testProfilePageElements" time="0.064" classname="com.mobicom.tests.ClubProfileTest"/>
  <testcase name="clickClubFacilitiesInMenu" classname="com.mobicom.tests.ClubProfileTest">
    <skipped/>
  </testcase> <!-- clickClubFacilitiesInMenu -->
</testsuite> <!-- com.mobicom.tests.ClubProfileTest -->
