<?xml version="1.0" encoding="UTF-8"?>
<!-- Generated by org.testng.reporters.JUnitReportReporter -->
<testsuite skipped="0" hostname="Mobicoms-Mini-2" name="com.mobicom.tests.AddFacilityTest" tests="16" failures="0" timestamp="19 Jul 2018 05:22:49 GMT" time="11.767" errors="0">
  <testcase name="clickClubFacilitiesInMenu" time="0.721" classname="com.mobicom.tests.AddFacilityTest"/>
  <testcase name="verifyClubFacilitiesElements" time="0.065" classname="com.mobicom.tests.AddFacilityTest"/>
  <testcase name="verifyClubFacilitiesElements" time="0.081" classname="com.mobicom.tests.AddFacilityTest"/>
  <testcase name="verifyClubFacilitiesElements" time="0.080" classname="com.mobicom.tests.AddFacilityTest"/>
  <testcase name="clickAddFacilitiesInMenu" time="0.915" classname="com.mobicom.tests.AddFacilityTest"/>
  <testcase name="clickSelectImage" time="1.151" classname="com.mobicom.tests.AddFacilityTest"/>
  <testcase name="selectAnImage" time="0.799" classname="com.mobicom.tests.AddFacilityTest"/>
  <testcase name="enterFacilityName" time="0.299" classname="com.mobicom.tests.AddFacilityTest"/>
  <testcase name="selectFacilityCategory" time="0.240" classname="com.mobicom.tests.AddFacilityTest"/>
  <testcase name="enterFacilityDescription" time="0.286" classname="com.mobicom.tests.AddFacilityTest"/>
  <testcase name="enterFacilityRules" time="0.252" classname="com.mobicom.tests.AddFacilityTest"/>
  <testcase name="enterFacilityCancellationPolicy" time="0.283" classname="com.mobicom.tests.AddFacilityTest"/>
  <testcase name="clickDaysOfWeekButton" time="0.196" classname="com.mobicom.tests.AddFacilityTest"/>
  <testcase name="clickSaveButton" time="2.001" classname="com.mobicom.tests.AddFacilityTest"/>
  <testcase name="publishNewfacility" time="1.663" classname="com.mobicom.tests.AddFacilityTest"/>
  <testcase name="deleteFacility" time="2.735" classname="com.mobicom.tests.AddFacilityTest"/>
</testsuite> <!-- com.mobicom.tests.AddFacilityTest -->
