<?xml version="1.0" encoding="UTF-8"?>
<!-- Generated by org.testng.reporters.JUnitReportReporter -->
<testsuite skipped="0" hostname="Mobicoms-Mac-mini-2.local" name="com.mobicom.tests.LoginTest" tests="4" failures="0" timestamp="03 May 2018 09:18:11 GMT" time="1.925" errors="0">
  <testcase name="testLoginPageElements" time="0.086" classname="com.mobicom.tests.LoginTest"/>
  <testcase name="testLoginPageElements" time="0.078" classname="com.mobicom.tests.LoginTest"/>
  <testcase name="testLoginPageElements" time="0.064" classname="com.mobicom.tests.LoginTest"/>
  <testcase name="loginToClub" time="1.697" classname="com.mobicom.tests.LoginTest"/>
</testsuite> <!-- com.mobicom.tests.LoginTest -->
