<?xml version="1.0" encoding="UTF-8"?>
<!-- Generated by org.testng.reporters.JUnitReportReporter -->
<testsuite skipped="0" hostname="Mobicoms-Mini-2" name="com.mobicom.tests.MemberAccessTest" tests="28" failures="0" timestamp="19 Jul 2018 05:22:49 GMT" time="7.091" errors="0">
  <testcase name="clickMemberAccessInMenu" time="1.818" classname="com.mobicom.tests.MemberAccessTest"/>
  <testcase name="verifyMemberAccessPageElements" time="0.063" classname="com.mobicom.tests.MemberAccessTest"/>
  <testcase name="verifyMemberAccessPageElements" time="0.064" classname="com.mobicom.tests.MemberAccessTest"/>
  <testcase name="verifyMemberAccessPageElements" time="0.057" classname="com.mobicom.tests.MemberAccessTest"/>
  <testcase name="verifyMemberAccessPageElements" time="0.057" classname="com.mobicom.tests.MemberAccessTest"/>
  <testcase name="verifyMemberAccessPageElements" time="0.040" classname="com.mobicom.tests.MemberAccessTest"/>
  <testcase name="verifyMemberAccessPageElements" time="0.073" classname="com.mobicom.tests.MemberAccessTest"/>
  <testcase name="clickGreenToggle" time="0.776" classname="com.mobicom.tests.MemberAccessTest"/>
  <testcase name="verifyBlockMemberAccessPageElements" time="0.066" classname="com.mobicom.tests.MemberAccessTest"/>
  <testcase name="verifyBlockMemberAccessPageElements" time="0.071" classname="com.mobicom.tests.MemberAccessTest"/>
  <testcase name="verifyBlockMemberAccessPageElements" time="0.043" classname="com.mobicom.tests.MemberAccessTest"/>
  <testcase name="verifyBlockMemberAccessPageElements" time="0.102" classname="com.mobicom.tests.MemberAccessTest"/>
  <testcase name="verifyBlockMemberAccessPageElements" time="0.087" classname="com.mobicom.tests.MemberAccessTest"/>
  <testcase name="verifyBlockMemberAccessPageElements" time="0.063" classname="com.mobicom.tests.MemberAccessTest"/>
  <testcase name="verifyBlockMemberAccessPageElements" time="0.108" classname="com.mobicom.tests.MemberAccessTest"/>
  <testcase name="clickNextButton" time="0.312" classname="com.mobicom.tests.MemberAccessTest"/>
  <testcase name="clickBlockingRequestsButton" time="0.741" classname="com.mobicom.tests.MemberAccessTest"/>
  <testcase name="clickOkButton" time="0.653" classname="com.mobicom.tests.MemberAccessTest"/>
  <testcase name="clickRedToggle" time="0.690" classname="com.mobicom.tests.MemberAccessTest"/>
  <testcase name="verifyAllowMemberAccessPageElements" time="0.042" classname="com.mobicom.tests.MemberAccessTest"/>
  <testcase name="verifyAllowMemberAccessPageElements" time="0.059" classname="com.mobicom.tests.MemberAccessTest"/>
  <testcase name="verifyAllowMemberAccessPageElements" time="0.043" classname="com.mobicom.tests.MemberAccessTest"/>
  <testcase name="verifyAllowMemberAccessPageElements" time="0.049" classname="com.mobicom.tests.MemberAccessTest"/>
  <testcase name="verifyAllowMemberAccessPageElements" time="0.078" classname="com.mobicom.tests.MemberAccessTest"/>
  <testcase name="verifyAllowMemberAccessPageElements" time="0.043" classname="com.mobicom.tests.MemberAccessTest"/>
  <testcase name="verifyAllowMemberAccessPageElements" time="0.059" classname="com.mobicom.tests.MemberAccessTest"/>
  <testcase name="clickNextButtonInRemoveAccess" time="0.171" classname="com.mobicom.tests.MemberAccessTest"/>
  <testcase name="clickAcceptingRequestsButton" time="0.663" classname="com.mobicom.tests.MemberAccessTest"/>
</testsuite> <!-- com.mobicom.tests.MemberAccessTest -->
