<?xml version="1.0" encoding="UTF-8"?>
<!-- Generated by org.testng.reporters.JUnitReportReporter -->
<testsuite skipped="0" hostname="Mobicoms-Mac-mini-2.local" name="com.mobicom.tests.AddCurateEventTest" tests="26" failures="0" timestamp="18 Jul 2018 05:48:13 GMT" time="9.683" errors="0">
  <testcase name="clickCurateEventsInMenu" time="0.817" classname="com.mobicom.tests.AddCurateEventTest"/>
  <testcase name="clickListOfCurateEventsInMenu" time="0.765" classname="com.mobicom.tests.AddCurateEventTest"/>
  <testcase name="verifyCurateEventsPageElements" time="0.056" classname="com.mobicom.tests.AddCurateEventTest"/>
  <testcase name="verifyCurateEventsPageElements" time="0.043" classname="com.mobicom.tests.AddCurateEventTest"/>
  <testcase name="verifyCurateEventsPageElements" time="0.065" classname="com.mobicom.tests.AddCurateEventTest"/>
  <testcase name="clickAddCurateEvent" time="1.019" classname="com.mobicom.tests.AddCurateEventTest"/>
  <testcase name="verifyAddCurateEventsPageElements" time="0.044" classname="com.mobicom.tests.AddCurateEventTest"/>
  <testcase name="verifyAddCurateEventsPageElements" time="0.072" classname="com.mobicom.tests.AddCurateEventTest"/>
  <testcase name="verifyAddCurateEventsPageElements" time="0.059" classname="com.mobicom.tests.AddCurateEventTest"/>
  <testcase name="verifyAddCurateEventsPageElements" time="0.050" classname="com.mobicom.tests.AddCurateEventTest"/>
  <testcase name="verifyAddCurateEventsPageElements" time="0.054" classname="com.mobicom.tests.AddCurateEventTest"/>
  <testcase name="verifyAddCurateEventsPageElements" time="0.054" classname="com.mobicom.tests.AddCurateEventTest"/>
  <testcase name="verifyAddCurateEventsPageElements" time="0.059" classname="com.mobicom.tests.AddCurateEventTest"/>
  <testcase name="verifyAddCurateEventsPageElements" time="0.052" classname="com.mobicom.tests.AddCurateEventTest"/>
  <testcase name="verifyAddCurateEventsPageElements" time="0.062" classname="com.mobicom.tests.AddCurateEventTest"/>
  <testcase name="verifyAddCurateEventsPageElements" time="0.052" classname="com.mobicom.tests.AddCurateEventTest"/>
  <testcase name="selectFacility" time="0.369" classname="com.mobicom.tests.AddCurateEventTest"/>
  <testcase name="updateRemarks" time="0.298" classname="com.mobicom.tests.AddCurateEventTest"/>
  <testcase name="enterStartDate" time="0.053" classname="com.mobicom.tests.AddCurateEventTest"/>
  <testcase name="enterEndDate" time="0.068" classname="com.mobicom.tests.AddCurateEventTest"/>
  <testcase name="enterStartTime" time="0.283" classname="com.mobicom.tests.AddCurateEventTest"/>
  <testcase name="enterEndTime" time="0.214" classname="com.mobicom.tests.AddCurateEventTest"/>
  <testcase name="clickSaveButton" time="0.951" classname="com.mobicom.tests.AddCurateEventTest"/>
  <testcase name="modifyEvent" time="1.000" classname="com.mobicom.tests.AddCurateEventTest"/>
  <testcase name="clickPublishButton" time="0.809" classname="com.mobicom.tests.AddCurateEventTest"/>
  <testcase name="deleteCurateEvent" time="2.315" classname="com.mobicom.tests.AddCurateEventTest"/>
</testsuite> <!-- com.mobicom.tests.AddCurateEventTest -->
