<?xml version="1.0" encoding="UTF-8"?>
<!-- Generated by org.testng.reporters.JUnitReportReporter -->
<testsuite skipped="0" hostname="Mobicoms-Mac-mini-2.local" name="com.mobicom.tests.ExcelUtils" tests="1" failures="0" timestamp="22 Jun 2018 08:41:24 GMT" time="0.288" errors="0">
  <testcase name="updateMemberExcel" time="0.288" classname="com.mobicom.tests.ExcelUtils"/>
</testsuite> <!-- com.mobicom.tests.ExcelUtils -->
