<?xml version="1.0" encoding="UTF-8"?>
<!-- Generated by org.testng.reporters.JUnitReportReporter -->
<testsuite skipped="0" hostname="Mobicoms-Mac-mini-2.local" name="com.mobicom.tests.LoginTest" tests="4" failures="0" timestamp="31 May 2018 12:38:46 GMT" time="2.076" errors="0">
  <testcase name="testLoginPageElements" time="0.073" classname="com.mobicom.tests.LoginTest"/>
  <testcase name="testLoginPageElements" time="0.082" classname="com.mobicom.tests.LoginTest"/>
  <testcase name="testLoginPageElements" time="0.082" classname="com.mobicom.tests.LoginTest"/>
  <testcase name="loginToClub" time="1.839" classname="com.mobicom.tests.LoginTest"/>
</testsuite> <!-- com.mobicom.tests.LoginTest -->
