<?xml version="1.0" encoding="UTF-8"?>
<!-- Generated by org.testng.reporters.JUnitReportReporter -->
<testsuite skipped="0" hostname="Mobicoms-Mac-mini-2.local" name="com.mobicom.tests.LoginTest" tests="4" failures="0" timestamp="22 Jun 2018 12:00:48 GMT" time="2.245" errors="0">
  <testcase name="testLoginPageElements" time="0.063" classname="com.mobicom.tests.LoginTest"/>
  <testcase name="testLoginPageElements" time="0.066" classname="com.mobicom.tests.LoginTest"/>
  <testcase name="testLoginPageElements" time="0.095" classname="com.mobicom.tests.LoginTest"/>
  <testcase name="loginToClub" time="2.021" classname="com.mobicom.tests.LoginTest"/>
</testsuite> <!-- com.mobicom.tests.LoginTest -->
