<?xml version="1.0" encoding="UTF-8"?>
<!-- Generated by org.testng.reporters.JUnitReportReporter -->
<testsuite skipped="0" hostname="Mobicoms-Mac-mini-2.local" name="com.mobicom.tests.LoginTest" tests="4" failures="0" timestamp="25 Apr 2018 12:47:54 GMT" time="0.944" errors="0">
  <testcase name="testLoginPageElements" time="0.033" classname="com.mobicom.tests.LoginTest"/>
  <testcase name="testLoginPageElements" time="0.032" classname="com.mobicom.tests.LoginTest"/>
  <testcase name="testLoginPageElements" time="0.050" classname="com.mobicom.tests.LoginTest"/>
  <testcase name="loginToClub" time="0.829" classname="com.mobicom.tests.LoginTest"/>
</testsuite> <!-- com.mobicom.tests.LoginTest -->
